1527525527302	geckodriver	INFO	geckodriver 0.20.1
1527525527315	geckodriver	INFO	Listening on 127.0.0.1:64510
1527525528368	mozrunner::runner	INFO	Running command: "/Applications/Firefox.app/Contents/MacOS/firefox-bin" "-marionette" "-profile" "/var/folders/6p/qs3j595x1v7cwpsttyjpvf1h0000gn/T/rust_mozprofile.qQ9wjZdRAuN3"
2018-05-28 22:08:53.537 plugin-container[10696:1258186] *** CFMessagePort: bootstrap_register(): failed 1100 (0x44c) 'Permission denied', port = 0x8a37, name = 'com.apple.tsm.portname'
See /usr/include/servers/bootstrap_defs.h for the error codes.
1527525534777	Marionette	INFO	Listening on port 64525
1527525534885	Marionette	WARN	TLS certificate errors will be ignored for this session
2018-05-28 22:08:55.746 plugin-container[10698:1258304] *** CFMessagePort: bootstrap_register(): failed 1100 (0x44c) 'Permission denied', port = 0x723f, name = 'com.apple.tsm.portname'
See /usr/include/servers/bootstrap_defs.h for the error codes.
JavaScript warning: http://mylpg.in/js/jquery-1.3.1.min.js, line 19: unreachable code after return statement
JavaScript warning: http://mylpg.in/js/jquery-1.3.1.min.js, line 19: unreachable code after return statement
2018-05-28 22:09:35.939 plugin-container[10703:1259354] *** CFMessagePort: bootstrap_register(): failed 1100 (0x44c) 'Permission denied', port = 0x7907, name = 'com.apple.tsm.portname'
See /usr/include/servers/bootstrap_defs.h for the error codes.
JavaScript error: http://mylpg.in/index.aspx, line 420: ReferenceError: event is not defined
JavaScript error: http://mylpg.in/index.aspx, line 406: ReferenceError: event is not defined
JavaScript error: http://mylpg.in/index.aspx, line 406: ReferenceError: event is not defined
JavaScript error: http://mylpg.in/index.aspx, line 406: ReferenceError: event is not defined
JavaScript error: http://mylpg.in/index.aspx, line 406: ReferenceError: event is not defined
JavaScript error: http://mylpg.in/index.aspx, line 406: ReferenceError: event is not defined
JavaScript error: http://mylpg.in/index.aspx, line 406: ReferenceError: event is not defined
JavaScript error: http://mylpg.in/index.aspx, line 406: ReferenceError: event is not defined
JavaScript error: http://mylpg.in/index.aspx, line 406: ReferenceError: event is not defined
JavaScript error: http://mylpg.in/index.aspx, line 406: ReferenceError: event is not defined
JavaScript error: http://mylpg.in/index.aspx, line 406: ReferenceError: event is not defined
JavaScript error: http://mylpg.in/index.aspx, line 406: ReferenceError: event is not defined
JavaScript error: http://mylpg.in/index.aspx, line 406: ReferenceError: event is not defined
JavaScript error: http://mylpg.in/index.aspx, line 406: ReferenceError: event is not defined
JavaScript error: http://mylpg.in/index.aspx, line 406: ReferenceError: event is not defined
JavaScript error: http://mylpg.in/index.aspx, line 406: ReferenceError: event is not defined
JavaScript error: http://mylpg.in/index.aspx, line 406: ReferenceError: event is not defined
1527525733014	geckodriver	INFO	geckodriver 0.20.1
1527525733023	geckodriver	INFO	Listening on 127.0.0.1:49193
1527525734057	mozrunner::runner	INFO	Running command: "/Applications/Firefox.app/Contents/MacOS/firefox-bin" "-marionette" "-profile" "/var/folders/6p/qs3j595x1v7cwpsttyjpvf1h0000gn/T/rust_mozprofile.Z3eSHJAvJItY"
2018-05-28 22:12:16.351 plugin-container[10715:1263305] *** CFMessagePort: bootstrap_register(): failed 1100 (0x44c) 'Permission denied', port = 0x8d3f, name = 'com.apple.tsm.portname'
See /usr/include/servers/bootstrap_defs.h for the error codes.
1527525737201	Marionette	INFO	Listening on port 49205
1527525737229	Marionette	WARN	TLS certificate errors will be ignored for this session
2018-05-28 22:12:17.230 plugin-container[10716:1263432] *** CFMessagePort: bootstrap_register(): failed 1100 (0x44c) 'Permission denied', port = 0x7103, name = 'com.apple.tsm.portname'
See /usr/include/servers/bootstrap_defs.h for the error codes.
JavaScript warning: http://mylpg.in/js/jquery-1.3.1.min.js, line 19: unreachable code after return statement
JavaScript warning: http://mylpg.in/js/jquery-1.3.1.min.js, line 19: unreachable code after return statement
2018-05-28 22:14:29.420 plugin-container[10725:1267547] *** CFMessagePort: bootstrap_register(): failed 1100 (0x44c) 'Permission denied', port = 0x853f, name = 'com.apple.tsm.portname'
See /usr/include/servers/bootstrap_defs.h for the error codes.
JavaScript error: http://mylpg.in/js/jquery-1.3.1.min.js, line 19: TypeError: document.body is null
JavaScript error: http://mylpg.in/index.aspx, line 420: ReferenceError: event is not defined
JavaScript error: http://mylpg.in/index.aspx, line 406: ReferenceError: event is not defined
JavaScript error: http://mylpg.in/index.aspx, line 406: ReferenceError: event is not defined
JavaScript error: http://mylpg.in/index.aspx, line 406: ReferenceError: event is not defined
JavaScript error: http://mylpg.in/index.aspx, line 406: ReferenceError: event is not defined
JavaScript error: http://mylpg.in/index.aspx, line 406: ReferenceError: event is not defined
JavaScript error: http://mylpg.in/index.aspx, line 406: ReferenceError: event is not defined
JavaScript error: http://mylpg.in/index.aspx, line 406: ReferenceError: event is not defined
JavaScript error: http://mylpg.in/index.aspx, line 406: ReferenceError: event is not defined
JavaScript error: http://mylpg.in/index.aspx, line 406: ReferenceError: event is not defined
JavaScript error: http://mylpg.in/index.aspx, line 406: ReferenceError: event is not defined
JavaScript error: http://mylpg.in/index.aspx, line 406: ReferenceError: event is not defined
JavaScript error: http://mylpg.in/index.aspx, line 406: ReferenceError: event is not defined
JavaScript error: http://mylpg.in/index.aspx, line 406: ReferenceError: event is not defined
JavaScript error: http://mylpg.in/index.aspx, line 406: ReferenceError: event is not defined
JavaScript error: http://mylpg.in/index.aspx, line 406: ReferenceError: event is not defined
JavaScript error: http://mylpg.in/index.aspx, line 406: ReferenceError: event is not defined
1527526266631	geckodriver	INFO	geckodriver 0.20.1
1527526266643	geckodriver	INFO	Listening on 127.0.0.1:51685
1527526267681	mozrunner::runner	INFO	Running command: "/Applications/Firefox.app/Contents/MacOS/firefox-bin" "-marionette" "-profile" "/var/folders/6p/qs3j595x1v7cwpsttyjpvf1h0000gn/T/rust_mozprofile.GXtqmQ2et6XB"
2018-05-28 22:21:10.339 plugin-container[10751:1276635] *** CFMessagePort: bootstrap_register(): failed 1100 (0x44c) 'Permission denied', port = 0x7403, name = 'com.apple.tsm.portname'
See /usr/include/servers/bootstrap_defs.h for the error codes.
1527526271108	Marionette	INFO	Listening on port 51696
1527526271185	Marionette	WARN	TLS certificate errors will be ignored for this session
2018-05-28 22:21:12.307 plugin-container[10752:1276774] *** CFMessagePort: bootstrap_register(): failed 1100 (0x44c) 'Permission denied', port = 0x723f, name = 'com.apple.tsm.portname'
See /usr/include/servers/bootstrap_defs.h for the error codes.
JavaScript warning: http://mylpg.in/js/jquery-1.3.1.min.js, line 19: unreachable code after return statement
JavaScript error: http://mylpg.in/index.aspx, line 420: ReferenceError: event is not defined
JavaScript error: http://mylpg.in/index.aspx, line 406: ReferenceError: event is not defined
JavaScript error: http://mylpg.in/index.aspx, line 406: ReferenceError: event is not defined
JavaScript error: http://mylpg.in/index.aspx, line 406: ReferenceError: event is not defined
JavaScript error: http://mylpg.in/index.aspx, line 406: ReferenceError: event is not defined
JavaScript error: http://mylpg.in/index.aspx, line 406: ReferenceError: event is not defined
JavaScript error: http://mylpg.in/index.aspx, line 406: ReferenceError: event is not defined
JavaScript error: http://mylpg.in/index.aspx, line 406: ReferenceError: event is not defined
JavaScript error: http://mylpg.in/index.aspx, line 406: ReferenceError: event is not defined
JavaScript error: http://mylpg.in/index.aspx, line 406: ReferenceError: event is not defined
JavaScript error: http://mylpg.in/index.aspx, line 406: ReferenceError: event is not defined
JavaScript error: http://mylpg.in/index.aspx, line 406: ReferenceError: event is not defined
JavaScript error: http://mylpg.in/index.aspx, line 406: ReferenceError: event is not defined
JavaScript error: http://mylpg.in/index.aspx, line 406: ReferenceError: event is not defined
JavaScript error: http://mylpg.in/index.aspx, line 406: ReferenceError: event is not defined
JavaScript error: http://mylpg.in/index.aspx, line 406: ReferenceError: event is not defined
JavaScript error: http://mylpg.in/index.aspx, line 406: ReferenceError: event is not defined
JavaScript warning: http://mylpg.in/js/jquery-1.3.1.min.js, line 19: unreachable code after return statement
JavaScript warning: https://my.ebharatgas.com/ebstatic/javascript/jquery-1.4.2.js, line 3686: unreachable code after return statement
