This file contains any messages produced by compilers while
running configure, to aid debugging if configure makes a mistake.

It was created by PythonMagick configure 0.9.19, which was
generated by GNU Autoconf 2.69.  Invocation command line was

  $ ./configure 

## --------- ##
## Platform. ##
## --------- ##

hostname = nishants-MacBook-Air.local
uname -m = x86_64
uname -r = 17.4.0
uname -s = Darwin
uname -v = Darwin Kernel Version 17.4.0: Sun Dec 17 09:19:54 PST 2017; root:xnu-4570.41.2~1/RELEASE_X86_64

/usr/bin/uname -p = i386
/bin/uname -X     = unknown

/bin/arch              = unknown
/usr/bin/arch -k       = unknown
/usr/convex/getsysinfo = unknown
/usr/bin/hostinfo      = Mach kernel version:
	 Darwin Kernel Version 17.4.0: Sun Dec 17 09:19:54 PST 2017; root:xnu-4570.41.2~1/RELEASE_X86_64
Kernel configured for up to 4 processors.
2 processors are physically available.
4 processors are logically available.
Processor type: x86_64h (Intel x86-64h Haswell)
Processors active: 0 1 2 3
Primary memory available: 4.00 gigabytes
Default processor set: 303 tasks, 1586 threads, 4 processors
Load average: 2.13, Mach factor: 1.86
/bin/machine           = unknown
/usr/bin/oslevel       = unknown
/bin/universe          = unknown

PATH: /Users/nishantgoel/desktop
PATH: /Library/Frameworks/Python.framework/Versions/2.7/bin
PATH: /usr/local/bin
PATH: /usr/bin
PATH: /bin
PATH: /usr/sbin
PATH: /sbin


## ----------- ##
## Core tests. ##
## ----------- ##

configure:2422: checking whether build environment is sane
configure:2477: result: yes
configure:2506: checking for a BSD-compatible install
configure:2574: result: /usr/bin/install -c
configure:2724: checking for a thread-safe mkdir -p
configure:2763: result: config/install-sh -c -d
configure:2770: checking for gawk
configure:2800: result: no
configure:2770: checking for mawk
configure:2800: result: no
configure:2770: checking for nawk
configure:2800: result: no
configure:2770: checking for awk
configure:2786: found /usr/bin/awk
configure:2797: result: awk
configure:2808: checking whether make sets $(MAKE)
configure:2830: result: yes
configure:2859: checking whether make supports nested variables
configure:2876: result: yes
configure:3015: checking whether make supports nested variables
configure:3032: result: yes
configure:3103: checking for g++
configure:3119: found /usr/bin/g++
configure:3130: result: g++
configure:3157: checking for C++ compiler version
configure:3166: g++ --version >&5
Apple LLVM version 9.1.0 (clang-902.0.39.1)
Target: x86_64-apple-darwin17.4.0
Thread model: posix
InstalledDir: /Library/Developer/CommandLineTools/usr/bin
Configured with: --prefix=/Library/Developer/CommandLineTools/usr --with-gxx-include-dir=/usr/include/c++/4.2.1
configure:3177: $? = 0
configure:3166: g++ -v >&5
Configured with: --prefix=/Library/Developer/CommandLineTools/usr --with-gxx-include-dir=/usr/include/c++/4.2.1
Apple LLVM version 9.1.0 (clang-902.0.39.1)
Target: x86_64-apple-darwin17.4.0
Thread model: posix
InstalledDir: /Library/Developer/CommandLineTools/usr/bin
configure:3177: $? = 0
configure:3166: g++ -V >&5
clang: error: argument to '-V' is missing (expected 1 value)
clang: error: no input files
configure:3177: $? = 1
configure:3166: g++ -qversion >&5
clang: error: unknown argument: '-qversion'
clang: error: no input files
configure:3177: $? = 1
configure:3197: checking whether the C++ compiler works
configure:3219: g++    conftest.cpp  >&5
configure:3223: $? = 0
configure:3271: result: yes
configure:3274: checking for C++ compiler default output file name
configure:3276: result: a.out
configure:3282: checking for suffix of executables
configure:3289: g++ -o conftest    conftest.cpp  >&5
configure:3293: $? = 0
configure:3315: result: 
configure:3337: checking whether we are cross compiling
configure:3345: g++ -o conftest    conftest.cpp  >&5
configure:3349: $? = 0
configure:3356: ./conftest
configure:3360: $? = 0
configure:3375: result: no
configure:3380: checking for suffix of object files
configure:3402: g++ -c   conftest.cpp >&5
configure:3406: $? = 0
configure:3427: result: o
configure:3431: checking whether we are using the GNU C++ compiler
configure:3450: g++ -c   conftest.cpp >&5
configure:3450: $? = 0
configure:3459: result: yes
configure:3468: checking whether g++ accepts -g
configure:3488: g++ -c -g  conftest.cpp >&5
configure:3488: $? = 0
configure:3529: result: yes
configure:3563: checking for style of include used by make
configure:3591: result: GNU
configure:3617: checking dependency style of g++
configure:3728: result: gcc3
configure:3791: checking for gcc
configure:3807: found /usr/bin/gcc
configure:3818: result: gcc
configure:4047: checking for C compiler version
configure:4056: gcc --version >&5
Apple LLVM version 9.1.0 (clang-902.0.39.1)
Target: x86_64-apple-darwin17.4.0
Thread model: posix
InstalledDir: /Library/Developer/CommandLineTools/usr/bin
Configured with: --prefix=/Library/Developer/CommandLineTools/usr --with-gxx-include-dir=/usr/include/c++/4.2.1
configure:4067: $? = 0
configure:4056: gcc -v >&5
Configured with: --prefix=/Library/Developer/CommandLineTools/usr --with-gxx-include-dir=/usr/include/c++/4.2.1
Apple LLVM version 9.1.0 (clang-902.0.39.1)
Target: x86_64-apple-darwin17.4.0
Thread model: posix
InstalledDir: /Library/Developer/CommandLineTools/usr/bin
configure:4067: $? = 0
configure:4056: gcc -V >&5
clang: error: argument to '-V' is missing (expected 1 value)
clang: error: no input files
configure:4067: $? = 1
configure:4056: gcc -qversion >&5
clang: error: unknown argument: '-qversion'
clang: error: no input files
configure:4067: $? = 1
configure:4071: checking whether we are using the GNU C compiler
configure:4090: gcc -c   conftest.c >&5
configure:4090: $? = 0
configure:4099: result: yes
configure:4108: checking whether gcc accepts -g
configure:4128: gcc -c -g  conftest.c >&5
configure:4128: $? = 0
configure:4169: result: yes
configure:4186: checking for gcc option to accept ISO C89
configure:4249: gcc  -c -g -O2  conftest.c >&5
configure:4249: $? = 0
configure:4262: result: none needed
configure:4287: checking whether gcc understands -c and -o together
configure:4309: gcc -c conftest.c -o conftest2.o
configure:4312: $? = 0
configure:4309: gcc -c conftest.c -o conftest2.o
configure:4312: $? = 0
configure:4324: result: yes
configure:4343: checking dependency style of gcc
configure:4454: result: gcc3
configure:4470: checking whether ln -s works
configure:4474: result: yes
configure:4481: checking whether make sets $(MAKE)
configure:4503: result: yes
configure:4541: checking build system type
configure:4555: result: x86_64-apple-darwin17.4.0
configure:4575: checking host system type
configure:4588: result: x86_64-apple-darwin17.4.0
configure:4629: checking how to print strings
configure:4656: result: printf
configure:4677: checking for a sed that does not truncate output
configure:4741: result: /usr/bin/sed
configure:4759: checking for grep that handles long lines and -e
configure:4817: result: /usr/bin/grep
configure:4822: checking for egrep
configure:4884: result: /usr/bin/grep -E
configure:4889: checking for fgrep
configure:4951: result: /usr/bin/grep -F
configure:4986: checking for ld used by gcc
configure:5053: result: /Library/Developer/CommandLineTools/usr/bin/ld
configure:5060: checking if the linker (/Library/Developer/CommandLineTools/usr/bin/ld) is GNU ld
configure:5075: result: no
configure:5087: checking for BSD- or MS-compatible name lister (nm)
configure:5141: result: /usr/bin/nm -B
configure:5271: checking the name lister (/usr/bin/nm -B) interface
configure:5278: gcc -c -g -O2  conftest.c >&5
configure:5281: /usr/bin/nm -B "conftest.o"
configure:5284: output
00000000000001ec S _some_variable
configure:5291: result: BSD nm
configure:5295: checking the maximum length of command line arguments
configure:5426: result: 196608
configure:5474: checking how to convert x86_64-apple-darwin17.4.0 file names to x86_64-apple-darwin17.4.0 format
configure:5514: result: func_convert_file_noop
configure:5521: checking how to convert x86_64-apple-darwin17.4.0 file names to toolchain format
configure:5541: result: func_convert_file_noop
configure:5548: checking for /Library/Developer/CommandLineTools/usr/bin/ld option to reload object files
configure:5555: result: -r
configure:5629: checking for objdump
configure:5645: found /usr/bin/objdump
configure:5656: result: objdump
configure:5688: checking how to recognize dependent libraries
configure:5888: result: pass_all
configure:5973: checking for dlltool
configure:6003: result: no
configure:6033: checking how to associate runtime and link libraries
configure:6060: result: printf %s\n
configure:6121: checking for ar
configure:6137: found /usr/bin/ar
configure:6148: result: ar
configure:6185: checking for archiver @FILE support
configure:6202: gcc -c -g -O2  conftest.c >&5
configure:6202: $? = 0
configure:6205: ar cru libconftest.a @conftest.lst >&5
ar: @conftest.lst: No such file or directory
configure:6208: $? = 1
configure:6228: result: no
configure:6286: checking for strip
configure:6302: found /usr/bin/strip
configure:6313: result: strip
configure:6385: checking for ranlib
configure:6401: found /usr/bin/ranlib
configure:6412: result: ranlib
configure:6514: checking command to parse /usr/bin/nm -B output from gcc object
configure:6667: gcc -c -g -O2  conftest.c >&5
configure:6670: $? = 0
configure:6674: /usr/bin/nm -B conftest.o \| sed -n -e 's/^.*[ ]\([BCDEGRST][BCDEGRST]*\)[ ][ ]*\([_A-Za-z][_A-Za-z0-9]*\)$/\1 \2 \2/p' | sed '/ __gnu_lto/d' \> conftest.nm
configure:6677: $? = 0
cannot find nm_test_var in conftest.nm
configure:6667: gcc -c -g -O2  conftest.c >&5
configure:6670: $? = 0
configure:6674: /usr/bin/nm -B conftest.o \| sed -n -e 's/^.*[ ]\([BCDEGRST][BCDEGRST]*\)[ ][ ]*_\([_A-Za-z][_A-Za-z0-9]*\)$/\1 _\2 \2/p' | sed '/ __gnu_lto/d' \> conftest.nm
configure:6677: $? = 0
configure:6743: gcc -o conftest -g -O2   conftest.c conftstm.o >&5
warning: (x86_64)  could not find object file symbol for symbol _main
configure:6746: $? = 0
configure:6784: result: ok
configure:6831: checking for sysroot
configure:6861: result: no
configure:6868: checking for a working dd
configure:6906: result: /bin/dd
configure:6910: checking how to truncate binary pipes
configure:6925: result: /bin/dd bs=4096 count=1
configure:7254: checking for mt
configure:7284: result: no
configure:7304: checking if : is a manifest tool
configure:7310: : '-?'
configure:7318: result: no
configure:7374: checking for dsymutil
configure:7390: found /usr/bin/dsymutil
configure:7401: result: dsymutil
configure:7466: checking for nmedit
configure:7482: found /usr/bin/nmedit
configure:7493: result: nmedit
configure:7558: checking for lipo
configure:7574: found /usr/bin/lipo
configure:7585: result: lipo
configure:7650: checking for otool
configure:7666: found /usr/bin/otool
configure:7677: result: otool
configure:7742: checking for otool64
configure:7772: result: no
configure:7817: checking for -single_module linker flag
gcc -g -O2  -o libconftest.dylib -dynamiclib -Wl,-single_module conftest.c
configure:7850: result: yes
configure:7853: checking for -exported_symbols_list linker flag
configure:7873: gcc -o conftest -g -O2   -Wl,-exported_symbols_list,conftest.sym conftest.c  >&5
configure:7873: $? = 0
configure:7883: result: yes
configure:7886: checking for -force_load linker flag
gcc -g -O2 -c -o conftest.o conftest.c
ar cru libconftest.a conftest.o
ranlib libconftest.a
gcc -g -O2  -o conftest conftest.c -Wl,-force_load,./libconftest.a
configure:7918: result: yes
configure:7995: checking how to run the C preprocessor
configure:8026: gcc -E  conftest.c
configure:8026: $? = 0
configure:8040: gcc -E  conftest.c
conftest.c:11:10: fatal error: 'ac_nonexistent.h' file not found
#include <ac_nonexistent.h>
         ^~~~~~~~~~~~~~~~~~
1 error generated.
configure:8040: $? = 1
configure: failed program was:
| /* confdefs.h */
| #define PACKAGE_NAME "PythonMagick"
| #define PACKAGE_TARNAME "PythonMagick"
| #define PACKAGE_VERSION "0.9.19"
| #define PACKAGE_STRING "PythonMagick 0.9.19"
| #define PACKAGE_BUGREPORT ""
| #define PACKAGE_URL ""
| #define PACKAGE "PythonMagick"
| #define VERSION "0.9.19"
| /* end confdefs.h.  */
| #include <ac_nonexistent.h>
configure:8065: result: gcc -E
configure:8085: gcc -E  conftest.c
configure:8085: $? = 0
configure:8099: gcc -E  conftest.c
conftest.c:11:10: fatal error: 'ac_nonexistent.h' file not found
#include <ac_nonexistent.h>
         ^~~~~~~~~~~~~~~~~~
1 error generated.
configure:8099: $? = 1
configure: failed program was:
| /* confdefs.h */
| #define PACKAGE_NAME "PythonMagick"
| #define PACKAGE_TARNAME "PythonMagick"
| #define PACKAGE_VERSION "0.9.19"
| #define PACKAGE_STRING "PythonMagick 0.9.19"
| #define PACKAGE_BUGREPORT ""
| #define PACKAGE_URL ""
| #define PACKAGE "PythonMagick"
| #define VERSION "0.9.19"
| /* end confdefs.h.  */
| #include <ac_nonexistent.h>
configure:8128: checking for ANSI C header files
configure:8148: gcc -c -g -O2  conftest.c >&5
configure:8148: $? = 0
configure:8221: gcc -o conftest -g -O2   conftest.c  >&5
configure:8221: $? = 0
configure:8221: ./conftest
configure:8221: $? = 0
configure:8232: result: yes
configure:8245: checking for sys/types.h
configure:8245: gcc -c -g -O2  conftest.c >&5
configure:8245: $? = 0
configure:8245: result: yes
configure:8245: checking for sys/stat.h
configure:8245: gcc -c -g -O2  conftest.c >&5
configure:8245: $? = 0
configure:8245: result: yes
configure:8245: checking for stdlib.h
configure:8245: gcc -c -g -O2  conftest.c >&5
configure:8245: $? = 0
configure:8245: result: yes
configure:8245: checking for string.h
configure:8245: gcc -c -g -O2  conftest.c >&5
configure:8245: $? = 0
configure:8245: result: yes
configure:8245: checking for memory.h
configure:8245: gcc -c -g -O2  conftest.c >&5
configure:8245: $? = 0
configure:8245: result: yes
configure:8245: checking for strings.h
configure:8245: gcc -c -g -O2  conftest.c >&5
configure:8245: $? = 0
configure:8245: result: yes
configure:8245: checking for inttypes.h
configure:8245: gcc -c -g -O2  conftest.c >&5
configure:8245: $? = 0
configure:8245: result: yes
configure:8245: checking for stdint.h
configure:8245: gcc -c -g -O2  conftest.c >&5
configure:8245: $? = 0
configure:8245: result: yes
configure:8245: checking for unistd.h
configure:8245: gcc -c -g -O2  conftest.c >&5
configure:8245: $? = 0
configure:8245: result: yes
configure:8259: checking for dlfcn.h
configure:8259: gcc -c -g -O2  conftest.c >&5
configure:8259: $? = 0
configure:8259: result: yes
configure:8526: checking for objdir
configure:8541: result: .libs
configure:8805: checking if gcc supports -fno-rtti -fno-exceptions
configure:8823: gcc -c -g -O2  -fno-rtti -fno-exceptions conftest.c >&5
configure:8827: $? = 0
configure:8840: result: yes
configure:9198: checking for gcc option to produce PIC
configure:9205: result: -fno-common -DPIC
configure:9213: checking if gcc PIC flag -fno-common -DPIC works
configure:9231: gcc -c -g -O2  -fno-common -DPIC -DPIC conftest.c >&5
configure:9235: $? = 0
configure:9248: result: yes
configure:9277: checking if gcc static flag -static works
configure:9305: result: no
configure:9320: checking if gcc supports -c -o file.o
configure:9341: gcc -c -g -O2  -o out/conftest2.o conftest.c >&5
configure:9345: $? = 0
configure:9367: result: yes
configure:9375: checking if gcc supports -c -o file.o
configure:9422: result: yes
configure:9455: checking whether the gcc linker (/Library/Developer/CommandLineTools/usr/bin/ld) supports shared libraries
configure:10714: result: yes
configure:10954: checking dynamic linker characteristics
configure:11775: result: darwin17.4.0 dyld
configure:11897: checking how to hardcode library paths into programs
configure:11922: result: immediate
configure:12470: checking whether stripping libraries is possible
configure:12484: result: yes
configure:12510: checking if libtool supports shared libraries
configure:12512: result: yes
configure:12515: checking whether to build shared libraries
configure:12540: result: yes
configure:12543: checking whether to build static libraries
configure:12547: result: yes
configure:12570: checking how to run the C++ preprocessor
configure:12597: g++ -E  conftest.cpp
configure:12597: $? = 0
configure:12611: g++ -E  conftest.cpp
conftest.cpp:23:10: fatal error: 'ac_nonexistent.h' file not found
#include <ac_nonexistent.h>
         ^~~~~~~~~~~~~~~~~~
1 error generated.
configure:12611: $? = 1
configure: failed program was:
| /* confdefs.h */
| #define PACKAGE_NAME "PythonMagick"
| #define PACKAGE_TARNAME "PythonMagick"
| #define PACKAGE_VERSION "0.9.19"
| #define PACKAGE_STRING "PythonMagick 0.9.19"
| #define PACKAGE_BUGREPORT ""
| #define PACKAGE_URL ""
| #define PACKAGE "PythonMagick"
| #define VERSION "0.9.19"
| #define STDC_HEADERS 1
| #define HAVE_SYS_TYPES_H 1
| #define HAVE_SYS_STAT_H 1
| #define HAVE_STDLIB_H 1
| #define HAVE_STRING_H 1
| #define HAVE_MEMORY_H 1
| #define HAVE_STRINGS_H 1
| #define HAVE_INTTYPES_H 1
| #define HAVE_STDINT_H 1
| #define HAVE_UNISTD_H 1
| #define HAVE_DLFCN_H 1
| #define LT_OBJDIR ".libs/"
| /* end confdefs.h.  */
| #include <ac_nonexistent.h>
configure:12636: result: g++ -E
configure:12656: g++ -E  conftest.cpp
configure:12656: $? = 0
configure:12670: g++ -E  conftest.cpp
conftest.cpp:23:10: fatal error: 'ac_nonexistent.h' file not found
#include <ac_nonexistent.h>
         ^~~~~~~~~~~~~~~~~~
1 error generated.
configure:12670: $? = 1
configure: failed program was:
| /* confdefs.h */
| #define PACKAGE_NAME "PythonMagick"
| #define PACKAGE_TARNAME "PythonMagick"
| #define PACKAGE_VERSION "0.9.19"
| #define PACKAGE_STRING "PythonMagick 0.9.19"
| #define PACKAGE_BUGREPORT ""
| #define PACKAGE_URL ""
| #define PACKAGE "PythonMagick"
| #define VERSION "0.9.19"
| #define STDC_HEADERS 1
| #define HAVE_SYS_TYPES_H 1
| #define HAVE_SYS_STAT_H 1
| #define HAVE_STDLIB_H 1
| #define HAVE_STRING_H 1
| #define HAVE_MEMORY_H 1
| #define HAVE_STRINGS_H 1
| #define HAVE_INTTYPES_H 1
| #define HAVE_STDINT_H 1
| #define HAVE_UNISTD_H 1
| #define HAVE_DLFCN_H 1
| #define LT_OBJDIR ".libs/"
| /* end confdefs.h.  */
| #include <ac_nonexistent.h>
configure:12832: checking for ld used by g++
configure:12899: result: /Library/Developer/CommandLineTools/usr/bin/ld
configure:12906: checking if the linker (/Library/Developer/CommandLineTools/usr/bin/ld) is GNU ld
configure:12921: result: no
configure:12976: checking whether the g++ linker (/Library/Developer/CommandLineTools/usr/bin/ld) supports shared libraries
configure:14049: result: yes
configure:14085: g++ -c -g -O2  conftest.cpp >&5
configure:14088: $? = 0
configure:14569: checking for g++ option to produce PIC
configure:14576: result: -fno-common -DPIC
configure:14584: checking if g++ PIC flag -fno-common -DPIC works
configure:14602: g++ -c -g -O2  -fno-common -DPIC -DPIC conftest.cpp >&5
configure:14606: $? = 0
configure:14619: result: yes
configure:14642: checking if g++ static flag -static works
configure:14670: result: no
configure:14682: checking if g++ supports -c -o file.o
configure:14703: g++ -c -g -O2  -o out/conftest2.o conftest.cpp >&5
configure:14707: $? = 0
configure:14729: result: yes
configure:14734: checking if g++ supports -c -o file.o
configure:14781: result: yes
configure:14811: checking whether the g++ linker (/Library/Developer/CommandLineTools/usr/bin/ld) supports shared libraries
configure:14851: result: yes
configure:14992: checking dynamic linker characteristics
configure:15740: result: darwin17.4.0 dyld
configure:15805: checking how to hardcode library paths into programs
configure:15830: result: immediate
configure:15945: checking for pkg-config
configure:15978: result: no
configure:16023: checking whether to enable maintainer-specific portions of Makefiles
configure:16032: result: no
configure:16080: checking for python with minimal version
configure:16082: result: 2.4
configure:16119: checking for a Python interpreter with version >= 2.4
configure:16136: python -c import sys # split strings by '.' and convert to numeric. Append some zeros # because we need at least 4 digits for the hex conversion. # map returns an iterator in Python 3.0 and a list in 2.x minver = list(map(int, '2.4'.split('.'))) + [0, 0, 0] minverhex = 0 # xrange is not present in Python 3.0 and range returns an iterator for i in list(range(0, 4)): minverhex = (minverhex << 8) + minver[i] sys.exit(sys.hexversion < minverhex)
configure:16139: $? = 0
configure:16145: result: python
configure:16153: checking for python
configure:16171: found /usr/local/bin/python
configure:16183: result: /usr/local/bin/python
configure:16201: checking for python version
configure:16208: result: 2.7
configure:16220: checking for python platform
configure:16227: result: darwin
configure:16253: checking for python script directory
configure:16288: result: ${prefix}/lib/python2.7/site-packages
configure:16297: checking for python extension module directory
configure:16332: result: ${exec_prefix}/lib/python2.7/site-packages
configure:16353: checking for python2.7
configure:16383: result: /usr/local/bin/python
configure:16399: checking for a version of Python >= '2.1.0'
configure:16425: result: yes
configure:16433: checking for a version of Python >= '2.4'
configure:16439: result: yes
configure:16456: checking for the distutils Python package
configure:16460: result: yes
configure:16474: checking for Python include path
configure:16490: result: -I/usr/local/Cellar/python@2/2.7.15/Frameworks/Python.framework/Versions/2.7/include/python2.7
configure:16497: checking for Python library path
configure:16574: result: -L/usr/local/opt/python@2/Frameworks/Python.framework/Versions/2.7/lib -lpython2.7
configure:16581: checking for Python site-packages path
configure:16587: result: /usr/local/Cellar/python@2/2.7.15/Frameworks/Python.framework/Versions/2.7/lib/python2.7/site-packages
configure:16594: checking python extra libraries
configure:16601: result: -ldl  -framework CoreFoundation 
configure:16608: checking python extra linking flags
configure:16615: result: -u _PyMac_Error /usr/local/opt/python@2/Frameworks/Python.framework/Versions/2.7/Python
configure:16622: checking consistency of all components of python development environment
configure:16650: gcc -o conftest -g -O2  -I/usr/local/Cellar/python@2/2.7.15/Frameworks/Python.framework/Versions/2.7/include/python2.7  -ldl  -framework CoreFoundation  conftest.c  -L/usr/local/opt/python@2/Frameworks/Python.framework/Versions/2.7/lib -lpython2.7 -u _PyMac_Error /usr/local/opt/python@2/Frameworks/Python.framework/Versions/2.7/Python -u _PyMac_Error /usr/local/opt/python@2/Frameworks/Python.framework/Versions/2.7/Python >&5
configure:16650: $? = 0
configure:16668: result: yes
configure:16743: checking for boostlib >= 1.20.0
configure:16826: g++ -c -g -O2  -I/usr/local/include conftest.cpp >&5
configure:16826: $? = 0
configure:16828: result: yes
configure:17014: checking whether the Boost::Python library is available
configure:17032: g++ -c -g -O2 -I/usr/local/include -I/usr/local/Cellar/python@2/2.7.15/Frameworks/Python.framework/Versions/2.7/include/python2.7  conftest.cpp >&5
configure:17032: $? = 0
configure:17040: result: yes
configure:17059: checking whether boost_python is the correct library
configure:17078: g++ -o conftest -g -O2 -I/usr/local/include -I/usr/local/Cellar/python@2/2.7.15/Frameworks/Python.framework/Versions/2.7/include/python2.7  -L/usr/local/lib  conftest.cpp -lboost_python  -L/usr/local/opt/python@2/Frameworks/Python.framework/Versions/2.7/lib -lpython2.7 >&5
ld: library not found for -lboost_python
clang: error: linker command failed with exit code 1 (use -v to see invocation)
configure:17078: $? = 1
configure: failed program was:
| /* confdefs.h */
| #define PACKAGE_NAME "PythonMagick"
| #define PACKAGE_TARNAME "PythonMagick"
| #define PACKAGE_VERSION "0.9.19"
| #define PACKAGE_STRING "PythonMagick 0.9.19"
| #define PACKAGE_BUGREPORT ""
| #define PACKAGE_URL ""
| #define PACKAGE "PythonMagick"
| #define VERSION "0.9.19"
| #define STDC_HEADERS 1
| #define HAVE_SYS_TYPES_H 1
| #define HAVE_SYS_STAT_H 1
| #define HAVE_STDLIB_H 1
| #define HAVE_STRING_H 1
| #define HAVE_MEMORY_H 1
| #define HAVE_STRINGS_H 1
| #define HAVE_INTTYPES_H 1
| #define HAVE_STDINT_H 1
| #define HAVE_UNISTD_H 1
| #define HAVE_DLFCN_H 1
| #define LT_OBJDIR ".libs/"
| #define HAVE_PYTHON "2.7"
| #define HAVE_BOOST /**/
| #define HAVE_BOOST_PYTHON /**/
| /* end confdefs.h.  */
| 
| #include <boost/python/module.hpp>
| BOOST_PYTHON_MODULE(test) { throw "Boost::Python test."; }
| int
| main ()
| {
| 
|   ;
|   return 0;
| }
configure:17087: result: no
configure:17059: checking whether boost_python27-mt is the correct library
configure:17078: g++ -o conftest -g -O2 -I/usr/local/include -I/usr/local/Cellar/python@2/2.7.15/Frameworks/Python.framework/Versions/2.7/include/python2.7  -L/usr/local/lib  conftest.cpp -lboost_python27-mt  -L/usr/local/opt/python@2/Frameworks/Python.framework/Versions/2.7/lib -lpython2.7 >&5
configure:17078: $? = 0
configure:17087: result: yes
configure:17155: checking for boostlib >= 1.20.0
configure:17238: g++ -c -g -O2  -I/usr/local/include conftest.cpp >&5
configure:17238: $? = 0
configure:17240: result: yes
configure:17426: checking whether the Boost::Python library is available
configure:17452: result: yes
configure:17471: checking whether boost_python is the correct library
configure:17499: result: no
configure:17471: checking whether boost_python27-mt is the correct library
configure:17499: result: yes
configure:17520: checking for MAGICKCORE
configure:17588: result: no
configure:17590: error: in `/Users/nishantgoel/desktop/pythonScrapping/PythonMagick-0.9.19':
configure:17592: error: The pkg-config script could not be found or is too old.  Make sure it
is in your PATH or set the PKG_CONFIG environment variable to the full
path to pkg-config.

Alternatively, you may set the environment variables MAGICKCORE_CFLAGS
and MAGICKCORE_LIBS to avoid the need to call pkg-config.
See the pkg-config man page for more details.

To get pkg-config, see <http://pkg-config.freedesktop.org/>.
See `config.log' for more details

## ---------------- ##
## Cache variables. ##
## ---------------- ##

ac_cv_boost_python=yes
ac_cv_build=x86_64-apple-darwin17.4.0
ac_cv_c_compiler_gnu=yes
ac_cv_cxx_compiler_gnu=yes
ac_cv_env_CCC_set=
ac_cv_env_CCC_value=
ac_cv_env_CC_set=
ac_cv_env_CC_value=
ac_cv_env_CFLAGS_set=
ac_cv_env_CFLAGS_value=
ac_cv_env_CPPFLAGS_set=
ac_cv_env_CPPFLAGS_value=
ac_cv_env_CPP_set=
ac_cv_env_CPP_value=
ac_cv_env_CXXCPP_set=
ac_cv_env_CXXCPP_value=
ac_cv_env_CXXFLAGS_set=
ac_cv_env_CXXFLAGS_value=
ac_cv_env_CXX_set=
ac_cv_env_CXX_value=
ac_cv_env_LDFLAGS_set=
ac_cv_env_LDFLAGS_value=
ac_cv_env_LIBS_set=
ac_cv_env_LIBS_value=
ac_cv_env_LT_SYS_LIBRARY_PATH_set=
ac_cv_env_LT_SYS_LIBRARY_PATH_value=
ac_cv_env_MAGICKCORE_CFLAGS_set=
ac_cv_env_MAGICKCORE_CFLAGS_value=
ac_cv_env_MAGICKCORE_LIBS_set=
ac_cv_env_MAGICKCORE_LIBS_value=
ac_cv_env_MAGICKPP_CFLAGS_set=
ac_cv_env_MAGICKPP_CFLAGS_value=
ac_cv_env_MAGICKPP_LIBS_set=
ac_cv_env_MAGICKPP_LIBS_value=
ac_cv_env_PKG_CONFIG_LIBDIR_set=
ac_cv_env_PKG_CONFIG_LIBDIR_value=
ac_cv_env_PKG_CONFIG_PATH_set=
ac_cv_env_PKG_CONFIG_PATH_value=
ac_cv_env_PKG_CONFIG_set=
ac_cv_env_PKG_CONFIG_value=
ac_cv_env_PYTHON_VERSION_set=
ac_cv_env_PYTHON_VERSION_value=
ac_cv_env_PYTHON_set=
ac_cv_env_PYTHON_value=
ac_cv_env_build_alias_set=
ac_cv_env_build_alias_value=
ac_cv_env_host_alias_set=
ac_cv_env_host_alias_value=
ac_cv_env_target_alias_set=
ac_cv_env_target_alias_value=
ac_cv_header_dlfcn_h=yes
ac_cv_header_inttypes_h=yes
ac_cv_header_memory_h=yes
ac_cv_header_stdc=yes
ac_cv_header_stdint_h=yes
ac_cv_header_stdlib_h=yes
ac_cv_header_string_h=yes
ac_cv_header_strings_h=yes
ac_cv_header_sys_stat_h=yes
ac_cv_header_sys_types_h=yes
ac_cv_header_unistd_h=yes
ac_cv_host=x86_64-apple-darwin17.4.0
ac_cv_objext=o
ac_cv_path_EGREP='/usr/bin/grep -E'
ac_cv_path_FGREP='/usr/bin/grep -F'
ac_cv_path_GREP=/usr/bin/grep
ac_cv_path_PYTHON=/usr/local/bin/python
ac_cv_path_SED=/usr/bin/sed
ac_cv_path_install='/usr/bin/install -c'
ac_cv_path_lt_DD=/bin/dd
ac_cv_prog_AWK=awk
ac_cv_prog_CPP='gcc -E'
ac_cv_prog_CXXCPP='g++ -E'
ac_cv_prog_ac_ct_AR=ar
ac_cv_prog_ac_ct_CC=gcc
ac_cv_prog_ac_ct_CXX=g++
ac_cv_prog_ac_ct_DSYMUTIL=dsymutil
ac_cv_prog_ac_ct_LIPO=lipo
ac_cv_prog_ac_ct_NMEDIT=nmedit
ac_cv_prog_ac_ct_OBJDUMP=objdump
ac_cv_prog_ac_ct_OTOOL=otool
ac_cv_prog_ac_ct_RANLIB=ranlib
ac_cv_prog_ac_ct_STRIP=strip
ac_cv_prog_cc_c89=
ac_cv_prog_cc_g=yes
ac_cv_prog_cxx_g=yes
ac_cv_prog_make_make_set=yes
am_cv_CC_dependencies_compiler_type=gcc3
am_cv_CXX_dependencies_compiler_type=gcc3
am_cv_make_support_nested_variables=yes
am_cv_pathless_PYTHON=python
am_cv_prog_cc_c_o=yes
am_cv_python_platform=darwin
am_cv_python_pyexecdir='${exec_prefix}/lib/python2.7/site-packages'
am_cv_python_pythondir='${prefix}/lib/python2.7/site-packages'
am_cv_python_version=2.7
ax_cv_lib_boost_python27_mt___BOOST_PYTHON_MODULE=yes
ax_cv_lib_boost_python___BOOST_PYTHON_MODULE=no
lt_cv_apple_cc_single_mod=yes
lt_cv_ar_at_file=no
lt_cv_deplibs_check_method=pass_all
lt_cv_file_magic_cmd='$MAGIC_CMD'
lt_cv_file_magic_test_file=
lt_cv_ld_exported_symbols_list=yes
lt_cv_ld_force_load=yes
lt_cv_ld_reload_flag=-r
lt_cv_nm_interface='BSD nm'
lt_cv_objdir=.libs
lt_cv_path_LD=/Library/Developer/CommandLineTools/usr/bin/ld
lt_cv_path_LDCXX=/Library/Developer/CommandLineTools/usr/bin/ld
lt_cv_path_NM='/usr/bin/nm -B'
lt_cv_path_mainfest_tool=no
lt_cv_prog_compiler_c_o=yes
lt_cv_prog_compiler_c_o_CXX=yes
lt_cv_prog_compiler_pic='-fno-common -DPIC'
lt_cv_prog_compiler_pic_CXX='-fno-common -DPIC'
lt_cv_prog_compiler_pic_works=yes
lt_cv_prog_compiler_pic_works_CXX=yes
lt_cv_prog_compiler_rtti_exceptions=yes
lt_cv_prog_compiler_static_works=no
lt_cv_prog_compiler_static_works_CXX=no
lt_cv_prog_gnu_ld=no
lt_cv_prog_gnu_ldcxx=no
lt_cv_sharedlib_from_linklib_cmd='printf %s\n'
lt_cv_sys_global_symbol_pipe='sed -n -e '\''s/^.*[	 ]\([BCDEGRST][BCDEGRST]*\)[	 ][	 ]*_\([_A-Za-z][_A-Za-z0-9]*\)$/\1 _\2 \2/p'\'' | sed '\''/ __gnu_lto/d'\'''
lt_cv_sys_global_symbol_to_c_name_address='sed -n -e '\''s/^: \(.*\) .*$/  {"\1", (void *) 0},/p'\'' -e '\''s/^[BCDEGRST][BCDEGRST]* .* \(.*\)$/  {"\1", (void *) \&\1},/p'\'''
lt_cv_sys_global_symbol_to_c_name_address_lib_prefix='sed -n -e '\''s/^: \(.*\) .*$/  {"\1", (void *) 0},/p'\'' -e '\''s/^[BCDEGRST][BCDEGRST]* .* \(lib.*\)$/  {"\1", (void *) \&\1},/p'\'' -e '\''s/^[BCDEGRST][BCDEGRST]* .* \(.*\)$/  {"lib\1", (void *) \&\1},/p'\'''
lt_cv_sys_global_symbol_to_cdecl='sed -n -e '\''s/^T .* \(.*\)$/extern int \1();/p'\'' -e '\''s/^[BCDEGRST][BCDEGRST]* .* \(.*\)$/extern char \1;/p'\'''
lt_cv_sys_global_symbol_to_import=
lt_cv_sys_max_cmd_len=196608
lt_cv_to_host_file_cmd=func_convert_file_noop
lt_cv_to_tool_file_cmd=func_convert_file_noop
lt_cv_truncate_bin='/bin/dd bs=4096 count=1'

## ----------------- ##
## Output variables. ##
## ----------------- ##

ACLOCAL='${SHELL} /Users/nishantgoel/desktop/pythonScrapping/PythonMagick-0.9.19/config/missing aclocal-1.15'
AMDEPBACKSLASH='\'
AMDEP_FALSE='#'
AMDEP_TRUE=''
AMTAR='$${TAR-tar}'
AM_BACKSLASH='\'
AM_DEFAULT_V='$(AM_DEFAULT_VERBOSITY)'
AM_DEFAULT_VERBOSITY='0'
AM_V='$(V)'
AR='ar'
AUTOCONF='${SHELL} /Users/nishantgoel/desktop/pythonScrapping/PythonMagick-0.9.19/config/missing autoconf'
AUTOHEADER='${SHELL} /Users/nishantgoel/desktop/pythonScrapping/PythonMagick-0.9.19/config/missing autoheader'
AUTOMAKE='${SHELL} /Users/nishantgoel/desktop/pythonScrapping/PythonMagick-0.9.19/config/missing automake-1.15'
AWK='awk'
BOOST_CPPFLAGS='-I/usr/local/include'
BOOST_LDFLAGS='-L/usr/local/lib'
BOOST_PYTHON_LIB='boost_python27-mt'
CC='gcc'
CCDEPMODE='depmode=gcc3'
CFLAGS='-g -O2'
CPP='gcc -E'
CPPFLAGS=''
CXX='g++'
CXXCPP='g++ -E'
CXXDEPMODE='depmode=gcc3'
CXXFLAGS='-g -O2'
CYGPATH_W='echo'
DEFS=''
DEPDIR='.deps'
DLLTOOL='false'
DSYMUTIL='dsymutil'
DUMPBIN=''
ECHO_C='\c'
ECHO_N=''
ECHO_T=''
EGREP='/usr/bin/grep -E'
EXEEXT=''
FGREP='/usr/bin/grep -F'
GREP='/usr/bin/grep'
INSTALL_DATA='${INSTALL} -m 644'
INSTALL_PROGRAM='${INSTALL}'
INSTALL_SCRIPT='${INSTALL}'
INSTALL_STRIP_PROGRAM='$(install_sh) -c -s'
LD='/Library/Developer/CommandLineTools/usr/bin/ld'
LDFLAGS=''
LIBOBJS=''
LIBS=''
LIBTOOL='$(SHELL) $(top_builddir)/libtool'
LIPO='lipo'
LN_S='ln -s'
LTLIBOBJS=''
LT_SYS_LIBRARY_PATH=''
MAGICKCORE_CFLAGS=''
MAGICKCORE_LIBS=''
MAGICKPP_CFLAGS=''
MAGICKPP_LIBS=''
MAINT='#'
MAINTAINER_MODE_FALSE=''
MAINTAINER_MODE_TRUE='#'
MAKEINFO='${SHELL} /Users/nishantgoel/desktop/pythonScrapping/PythonMagick-0.9.19/config/missing makeinfo'
MANIFEST_TOOL=':'
MKDIR_P='config/install-sh -c -d'
NM='/usr/bin/nm -B'
NMEDIT='nmedit'
OBJDUMP='objdump'
OBJEXT='o'
OTOOL64=':'
OTOOL='otool'
PACKAGE='PythonMagick'
PACKAGE_BUGREPORT=''
PACKAGE_NAME='PythonMagick'
PACKAGE_STRING='PythonMagick 0.9.19'
PACKAGE_TARNAME='PythonMagick'
PACKAGE_URL=''
PACKAGE_VERSION='0.9.19'
PATH_SEPARATOR=':'
PKG_CONFIG=''
PKG_CONFIG_LIBDIR=''
PKG_CONFIG_PATH=''
PYTHON='/usr/local/bin/python'
PYTHON_CPPFLAGS='-I/usr/local/Cellar/python@2/2.7.15/Frameworks/Python.framework/Versions/2.7/include/python2.7'
PYTHON_EXEC_PREFIX='${exec_prefix}'
PYTHON_EXTRA_LDFLAGS='-ldl  -framework CoreFoundation '
PYTHON_EXTRA_LIBS='-u _PyMac_Error /usr/local/opt/python@2/Frameworks/Python.framework/Versions/2.7/Python'
PYTHON_LIBS='-L/usr/local/opt/python@2/Frameworks/Python.framework/Versions/2.7/lib -lpython2.7'
PYTHON_PLATFORM='darwin'
PYTHON_PREFIX='${prefix}'
PYTHON_SITE_PKG='/usr/local/Cellar/python@2/2.7.15/Frameworks/Python.framework/Versions/2.7/lib/python2.7/site-packages'
PYTHON_VERSION='2.7'
RANLIB='ranlib'
SED='/usr/bin/sed'
SET_MAKE=''
SHELL='/bin/sh'
STRIP='strip'
VERSION='0.9.19'
ac_ct_AR='ar'
ac_ct_CC='gcc'
ac_ct_CXX='g++'
ac_ct_DUMPBIN=''
am__EXEEXT_FALSE=''
am__EXEEXT_TRUE=''
am__fastdepCC_FALSE='#'
am__fastdepCC_TRUE=''
am__fastdepCXX_FALSE='#'
am__fastdepCXX_TRUE=''
am__include='include'
am__isrc=''
am__leading_dot='.'
am__nodep='_no'
am__quote=''
am__tar='$${TAR-tar} chof - "$$tardir"'
am__untar='$${TAR-tar} xf -'
bindir='${exec_prefix}/bin'
build='x86_64-apple-darwin17.4.0'
build_alias=''
build_cpu='x86_64'
build_os='darwin17.4.0'
build_vendor='apple'
datadir='${datarootdir}'
datarootdir='${prefix}/share'
docdir='${datarootdir}/doc/${PACKAGE_TARNAME}'
dvidir='${docdir}'
exec_prefix='NONE'
host='x86_64-apple-darwin17.4.0'
host_alias=''
host_cpu='x86_64'
host_os='darwin17.4.0'
host_vendor='apple'
htmldir='${docdir}'
includedir='${prefix}/include'
infodir='${datarootdir}/info'
install_sh='${SHELL} /Users/nishantgoel/desktop/pythonScrapping/PythonMagick-0.9.19/config/install-sh'
libdir='${exec_prefix}/lib'
libexecdir='${exec_prefix}/libexec'
localedir='${datarootdir}/locale'
localstatedir='${prefix}/var'
mandir='${datarootdir}/man'
mkdir_p='$(MKDIR_P)'
oldincludedir='/usr/include'
pdfdir='${docdir}'
pkgpyexecdir='${pyexecdir}/PythonMagick'
pkgpythondir='${pythondir}/PythonMagick'
prefix='NONE'
program_transform_name='s,x,x,'
psdir='${docdir}'
pyexecdir='${exec_prefix}/lib/python2.7/site-packages'
pythondir='${prefix}/lib/python2.7/site-packages'
sbindir='${exec_prefix}/sbin'
sharedstatedir='${prefix}/com'
sysconfdir='${prefix}/etc'
target_alias=''

## ----------- ##
## confdefs.h. ##
## ----------- ##

/* confdefs.h */
#define PACKAGE_NAME "PythonMagick"
#define PACKAGE_TARNAME "PythonMagick"
#define PACKAGE_VERSION "0.9.19"
#define PACKAGE_STRING "PythonMagick 0.9.19"
#define PACKAGE_BUGREPORT ""
#define PACKAGE_URL ""
#define PACKAGE "PythonMagick"
#define VERSION "0.9.19"
#define STDC_HEADERS 1
#define HAVE_SYS_TYPES_H 1
#define HAVE_SYS_STAT_H 1
#define HAVE_STDLIB_H 1
#define HAVE_STRING_H 1
#define HAVE_MEMORY_H 1
#define HAVE_STRINGS_H 1
#define HAVE_INTTYPES_H 1
#define HAVE_STDINT_H 1
#define HAVE_UNISTD_H 1
#define HAVE_DLFCN_H 1
#define LT_OBJDIR ".libs/"
#define HAVE_PYTHON "2.7"
#define HAVE_BOOST /**/
#define HAVE_BOOST_PYTHON /**/
#define HAVE_BOOST /**/
#define HAVE_BOOST_PYTHON /**/

configure: exit 1
